<?xml version="1.0" encoding="UTF-8"?>
<testsuite name="RectangleTest" tests="3" skipped="0" failures="0" errors="0" timestamp="2016-02-12T19:05:00" hostname="epicodus-66.local" time="0.0">
  <properties/>
  <testcase name="isSquare_whenASquare_true" classname="RectangleTest" time="0.0"/>
  <testcase name="newRectangle_instantiatesCorrectly" classname="RectangleTest" time="0.0"/>
  <testcase name="isSquare_whenNotASquare_false" classname="RectangleTest" time="0.0"/>
  <system-out><![CDATA[]]></system-out>
  <system-err><![CDATA[]]></system-err>
</testsuite>
